{"level":"info","message":"Running on Node.js - Version 16.0.0","timestamp":"2023-01-08 08:20:11"}
{"level":"info","message":"Foundry Virtual Tabletop - Version 10 Build 291","timestamp":"2023-01-08 08:20:11"}
{"level":"info","message":"User Data Directory - \"/home/nightstick/www/jake-foundry/data\"","timestamp":"2023-01-08 08:20:11"}
{"level":"info","message":"Saved application configuration options to /home/nightstick/www/jake-foundry/data/Config/options.json","timestamp":"2023-01-08 08:20:11"}
{"level":"info","message":"Application Options:\n{\n  \"compressStatic\": true,\n  \"fullscreen\": false,\n  \"hostname\": null,\n  \"language\": \"en.core\",\n  \"localHostname\": null,\n  \"port\": 30000,\n  \"protocol\": null,\n  \"proxyPort\": null,\n  \"proxySSL\": false,\n  \"routePrefix\": null,\n  \"updateChannel\": \"stable\",\n  \"upnp\": true,\n  \"upnpLeaseDuration\": null,\n  \"awsConfig\": null,\n  \"passwordSalt\": null,\n  \"sslCert\": null,\n  \"sslKey\": null,\n  \"world\": null,\n  \"serviceConfig\": null,\n  \"adminPassword\": null\n}","timestamp":"2023-01-08 08:20:11"}
{"level":"warn","message":"Software license requires signature.","timestamp":"2023-01-08 08:20:11"}
{"level":"info","message":"Requesting UPnP port forwarding to destination port 30001","timestamp":"2023-01-08 08:20:11"}
{"level":"info","message":"Server started and listening on port 30001","timestamp":"2023-01-08 08:20:11"}
{"level":"info","message":"Shutting down Foundry Virtual Tabletop server","timestamp":"2023-01-08 08:21:17"}
{"level":"info","message":"Running on Node.js - Version 16.0.0","timestamp":"2023-01-08 08:21:18"}
{"level":"info","message":"Foundry Virtual Tabletop - Version 10 Build 291","timestamp":"2023-01-08 08:21:18"}
{"level":"info","message":"User Data Directory - \"/home/nightstick/www/jake-foundry/data\"","timestamp":"2023-01-08 08:21:18"}
{"level":"info","message":"Application Options:\n{\n  \"compressStatic\": true,\n  \"fullscreen\": false,\n  \"hostname\": null,\n  \"language\": \"en.core\",\n  \"localHostname\": null,\n  \"port\": 30000,\n  \"protocol\": null,\n  \"proxyPort\": null,\n  \"proxySSL\": false,\n  \"routePrefix\": null,\n  \"updateChannel\": \"stable\",\n  \"upnp\": true,\n  \"upnpLeaseDuration\": null,\n  \"awsConfig\": null,\n  \"passwordSalt\": null,\n  \"sslCert\": null,\n  \"sslKey\": null,\n  \"world\": null,\n  \"serviceConfig\": null,\n  \"adminPassword\": null\n}","timestamp":"2023-01-08 08:21:18"}
{"level":"warn","message":"Software license requires signature.","timestamp":"2023-01-08 08:21:18"}
{"level":"info","message":"Requesting UPnP port forwarding to destination port 30001","timestamp":"2023-01-08 08:21:18"}
{"level":"info","message":"Server started and listening on port 30001","timestamp":"2023-01-08 08:21:18"}
{"level":"info","message":"Created client session aa9718d6f5d7cc7cc4e784c7","timestamp":"2023-01-08 08:45:56"}
{"level":"info","message":"Created client session 9beea2002ea18ca470adb178","timestamp":"2023-01-08 08:45:56"}
{"level":"info","message":"Created client session 1fbe2a7a5d74547cd26b8f96","timestamp":"2023-01-08 08:46:10"}
{"level":"info","message":"Created client session 63980182564e7767cae1c27f","timestamp":"2023-01-08 08:46:13"}
{"level":"info","message":"Created client session 8de0b502b48258ed6b0c6a0b","timestamp":"2023-01-08 08:46:14"}
{"level":"info","message":"Created client session ec114756063444ba8526b9a3","timestamp":"2023-01-08 08:46:14"}
{"level":"info","message":"Created client session 8e076db67c51588cf33172eb","timestamp":"2023-01-08 08:46:16"}
{"level":"info","message":"Created client session cb615305df3183c33224312e","timestamp":"2023-01-08 08:46:25"}
{"level":"info","message":"Created client session 0d2204e865428db78694625c","timestamp":"2023-01-08 08:46:26"}
{"level":"info","message":"Created client session 11752b0bb2a596c1d5cedbf5","timestamp":"2023-01-08 08:47:35"}
{"level":"info","message":"Created client session 0a7ebab6ed4c9297432055a2","timestamp":"2023-01-08 08:48:37"}
{"level":"info","message":"Created client session eb31c6f8c1b04d70298e9ebf","timestamp":"2023-01-08 09:04:01"}
{"level":"info","message":"Created client session b161dbb6fced7e38abe2689a","timestamp":"2023-01-08 09:15:10"}
{"level":"info","message":"Created client session 9dd9a5aa30e1862db1466006","timestamp":"2023-01-08 09:15:11"}
{"level":"info","message":"Created client session 1a6d204ecbf61d8361332478","timestamp":"2023-01-08 09:15:45"}
{"level":"info","message":"Created client session 4a61da8fe027aa632a240bd9","timestamp":"2023-01-08 09:25:34"}
{"level":"info","message":"Created client session 4b148cb9bffcb8f9c2106673","timestamp":"2023-01-08 09:25:42"}
{"level":"info","message":"Created client session 0c22840b5b1a8b67855bbbf2","timestamp":"2023-01-08 09:25:56"}
{"level":"info","message":"Created client session 301b926456aa09d2dfb05318","timestamp":"2023-01-08 09:54:50"}
{"level":"info","message":"Created client session 6f5dc78bbeccf96d2ef23719","timestamp":"2023-01-08 09:54:53"}
{"level":"info","message":"Created client session c0cab1cb7c3da0d10a5269cb","timestamp":"2023-01-08 10:02:58"}
{"level":"info","message":"Created client session a3f1ae42a5deb7c35b6113d2","timestamp":"2023-01-08 10:12:37"}
{"level":"info","message":"Created client session 303825829c002f5db0dbc9c9","timestamp":"2023-01-08 10:12:39"}
{"level":"info","message":"Created client session 20d0a14b9e011cc404182380","timestamp":"2023-01-08 10:44:50"}
{"level":"info","message":"Created client session 0bede1bc0b3129ee3905fc83","timestamp":"2023-01-08 10:44:51"}
{"level":"info","message":"Created client session fc47d1391b8d841cf954b562","timestamp":"2023-01-08 10:44:51"}
{"level":"info","message":"Created client session ac08f711fedf345c8c55504a","timestamp":"2023-01-08 10:44:52"}
{"level":"info","message":"Created client session 26858bc3bd895893f18bf2ac","timestamp":"2023-01-08 11:44:55"}
{"level":"info","message":"Created client session e39acbc3f8f14b4851e9ffdb","timestamp":"2023-01-08 12:34:45"}
{"level":"info","message":"Created client session 810a8c0c264e027d7bcf8299","timestamp":"2023-01-08 12:34:53"}
{"level":"info","message":"Created client session 885c43451b0e57509984415d","timestamp":"2023-01-08 12:34:55"}
{"level":"info","message":"Created client session 9f0e6d0939e8203efc41487b","timestamp":"2023-01-08 15:28:40"}
{"level":"info","message":"Created client session e5ca77024568ac739cf1e70c","timestamp":"2023-01-08 17:32:34"}
{"level":"info","message":"Created client session 21849add03f81832849dfc4c","timestamp":"2023-01-08 17:52:24"}
{"level":"info","message":"Created client session 12feb267ed59fca1325eeaec","timestamp":"2023-01-08 18:02:02"}
{"level":"info","message":"Created client session 826b8a69e11da4e264e314f0","timestamp":"2023-01-08 18:52:56"}
{"level":"info","message":"Created client session 662d5b59cab4ea006a23fd6f","timestamp":"2023-01-08 18:52:57"}
{"level":"info","message":"Created client session beb47e9b4f814e23f70739c7","timestamp":"2023-01-08 19:26:42"}
{"level":"info","message":"Created client session 4c7cbffea827ee8f2d3b00d0","timestamp":"2023-01-08 22:17:48"}
{"level":"info","message":"Created client session df4238d9c863d02ea73fd002","timestamp":"2023-01-08 23:52:08"}
{"level":"info","message":"Created client session a57e5bb3af19de4160129f1f","timestamp":"2023-01-08 23:52:11"}
{"level":"info","message":"Created client session 8bac3266133e078340d9ea51","timestamp":"2023-01-08 23:52:15"}
{"level":"info","message":"Created client session 427caea24807063d95862de0","timestamp":"2023-01-08 23:52:17"}
{"level":"info","message":"Created client session 6743133b8353b3d80cd07f03","timestamp":"2023-01-08 23:52:21"}
{"level":"info","message":"Created client session d2b0c03b91cc05c30d77012d","timestamp":"2023-01-08 23:52:25"}
{"level":"info","message":"Created client session 58f4c84bf3429bac4cc9697a","timestamp":"2023-01-08 23:52:29"}
{"level":"info","message":"Created client session b02760bc126ae95c970405b9","timestamp":"2023-01-08 23:52:31"}
{"level":"info","message":"Created client session 3548c4f4d3b6a92b04239a91","timestamp":"2023-01-09 01:24:51"}
{"level":"info","message":"Created client session 42711cf875b299256fe9fac9","timestamp":"2023-01-09 01:24:54"}
{"level":"info","message":"Created client session dbfa2aa356cc004c128c525d","timestamp":"2023-01-09 01:24:59"}
{"level":"info","message":"Created client session 059927a68a2593bf55e05157","timestamp":"2023-01-09 01:25:02"}
{"level":"info","message":"Created client session e7b2f75366ae2c07f73c367e","timestamp":"2023-01-09 01:25:05"}
{"level":"info","message":"Created client session eac2a2fc95abf13307cb8bdc","timestamp":"2023-01-09 01:25:07"}
{"level":"info","message":"Created client session 38f094a9447dfb5bd8989da5","timestamp":"2023-01-09 01:25:11"}
{"level":"info","message":"Created client session 0fb40bebc8cbbce3072adaf7","timestamp":"2023-01-09 01:25:12"}
{"level":"info","message":"Created client session acf22fa4fa522a706702ba14","timestamp":"2023-01-09 03:45:18"}
{"level":"info","message":"Created client session 646a9a4905c454d84166aaaa","timestamp":"2023-01-09 03:45:19"}
{"level":"info","message":"Created client session 709cc113cdfec0c7e3ee56ab","timestamp":"2023-01-09 03:45:22"}
{"level":"info","message":"Created client session a815c794c349bb52138bbddc","timestamp":"2023-01-09 03:45:22"}
{"level":"info","message":"Created client session 5b4f7921f9bc462b90cdfe38","timestamp":"2023-01-09 03:45:23"}
{"level":"info","message":"Created client session be6a388a7185ae7c2820ffed","timestamp":"2023-01-09 03:45:23"}
{"level":"info","message":"Created client session 1fa76baa6be52d584099ad5f","timestamp":"2023-01-09 04:34:15"}
{"level":"info","message":"Created client session 6a82395b85c7853fea4ab379","timestamp":"2023-01-09 04:39:16"}
{"level":"info","message":"Created client session 0714019b9396cdc7e802abb3","timestamp":"2023-01-09 04:39:16"}
{"level":"info","message":"Created client session 5ed02d463d0bc582276b5b05","timestamp":"2023-01-09 04:39:16"}
{"level":"info","message":"Created client session 0ab0bb38fc251e5588d8a270","timestamp":"2023-01-09 04:42:41"}
{"level":"info","message":"Created client session fd4aba5f361587e2b4ee3429","timestamp":"2023-01-09 04:42:41"}
{"level":"info","message":"Created client session 3eb0f5f7657660dc43c331d0","timestamp":"2023-01-09 04:42:41"}
{"level":"info","message":"Created client session 51676eb29d425548eb66f184","timestamp":"2023-01-09 04:42:44"}
{"level":"info","message":"Created client session aef9c24b87904cdef50c8a66","timestamp":"2023-01-09 04:42:44"}
{"level":"info","message":"Created client session feed4f1e234190eb9a91c13c","timestamp":"2023-01-09 04:42:44"}
{"level":"info","message":"Created client session 9b7f766d448ba19771b6608e","timestamp":"2023-01-09 05:11:20"}
{"level":"info","message":"Created client session dfb93f875265c461861a2fdc","timestamp":"2023-01-09 05:11:22"}
{"level":"info","message":"Created client session 21c3f2f4277e40d7072c48d8","timestamp":"2023-01-09 05:11:24"}
{"level":"info","message":"Created client session 440091424ffbaa2ed5fc029d","timestamp":"2023-01-09 05:11:25"}
{"level":"info","message":"Created client session 135127baca7a5c470c52c82b","timestamp":"2023-01-09 05:11:28"}
{"level":"info","message":"Created client session 0f23ee23ffa0d8f60ca3cbf3","timestamp":"2023-01-09 05:11:29"}
{"level":"info","message":"Created client session 1dc78b6c75544396b51359d8","timestamp":"2023-01-09 05:11:31"}
{"level":"info","message":"Created client session 966833be4dc18886350ea448","timestamp":"2023-01-09 05:11:33"}
{"level":"info","message":"Created client session 4f854906100ae0ff808cf5e8","timestamp":"2023-01-09 05:29:16"}
{"level":"info","message":"Created client session b80ae1c9a7728efffaab6411","timestamp":"2023-01-09 05:29:16"}
{"level":"info","message":"Created client session c47ec313abe98f8d7c1cacd7","timestamp":"2023-01-09 06:05:45"}
